#
# A fatal error has been detected by the Java Runtime Environment:
#
#  Internal Error (javaClasses.cpp:126), pid=6104, tid=1244
#  fatal error: Invalid layout of preloaded class
#
# JRE version:  (8.0_20-b26) (build )
# Java VM: Java HotSpot(TM) 64-Bit Server VM (25.20-b23 mixed mode windows-amd64 compressed oops)
# Failed to write core dump. Minidumps are not enabled by default on client versions of Windows
#
# If you would like to submit a bug report, please visit:
#   http://bugreport.sun.com/bugreport/crash.jsp
#

---------------  T H R E A D  ---------------

Current thread (0x00000000021be000):  JavaThread "Unknown thread" [_thread_in_vm, id=1244, stack(0x0000000002330000,0x0000000002430000)]

Stack: [0x0000000002330000,0x0000000002430000]
Native frames: (J=compiled Java code, j=interpreted, Vv=VM code, C=native code)
V  [jvm.dll+0x3152fa]
V  [jvm.dll+0x265d03]
V  [jvm.dll+0x266943]
V  [jvm.dll+0x25e1e6]
V  [jvm.dll+0x5e64c]
V  [jvm.dll+0x5e743]
V  [jvm.dll+0x7316a]
V  [jvm.dll+0x734c8]
V  [jvm.dll+0xe3937]
V  [jvm.dll+0xe3cc6]
V  [jvm.dll+0x1f89d7]
V  [jvm.dll+0x229fc4]
V  [jvm.dll+0x14c6f1]
C  [javaw.exe+0x20c6]
C  [javaw.exe+0xc9eb]
C  [javaw.exe+0xca7f]
C  [kernel32.dll+0x159ed]
C  [ntdll.dll+0x2c541]


---------------  P R O C E S S  ---------------

Java Threads: ( => current thread )

Other Threads:

=>0x00000000021be000 (exited) JavaThread "Unknown thread" [_thread_in_vm, id=1244, stack(0x0000000002330000,0x0000000002430000)]

VM state:not at safepoint (not fully initialized)

VM Mutex/Monitor currently owned by a thread: None

GC Heap History (0 events):
No events

Deoptimization events (0 events):
No events

Internal exceptions (0 events):
No events

Events (10 events):
Event: 0.011 loading class java/lang/CharSequence done
Event: 0.011 loading class java/lang/String done
Event: 0.011 loading class java/lang/Class
Event: 0.011 loading class java/lang/reflect/AnnotatedElement
Event: 0.011 loading class java/lang/reflect/AnnotatedElement done
Event: 0.011 loading class java/lang/reflect/GenericDeclaration
Event: 0.011 loading class java/lang/reflect/GenericDeclaration done
Event: 0.011 loading class java/lang/reflect/Type
Event: 0.011 loading class java/lang/reflect/Type done
Event: 0.011 loading class java/lang/Class done


Dynamic libraries:
0x000000013f8f0000 - 0x000000013f924000 	C:\Program Files\Java\jre1.8.0_20\bin\javaw.exe
0x0000000077820000 - 0x00000000779c9000 	C:\Windows\SYSTEM32\ntdll.dll
0x0000000077600000 - 0x000000007771f000 	C:\Windows\system32\kernel32.dll
0x000007fefd920000 - 0x000007fefd98c000 	C:\Windows\system32\KERNELBASE.dll
0x000007fefdcb0000 - 0x000007fefdd8b000 	C:\Windows\system32\ADVAPI32.dll
0x000007fefde60000 - 0x000007fefdeff000 	C:\Windows\system32\msvcrt.dll
0x000007feffb10000 - 0x000007feffb2f000 	C:\Windows\SYSTEM32\sechost.dll
0x000007feff9e0000 - 0x000007feffb0d000 	C:\Windows\system32\RPCRT4.dll
0x0000000077720000 - 0x000000007781a000 	C:\Windows\system32\USER32.dll
0x000007fefddf0000 - 0x000007fefde57000 	C:\Windows\system32\GDI32.dll
0x000007feff010000 - 0x000007feff01e000 	C:\Windows\system32\LPK.dll
0x000007fefdbd0000 - 0x000007fefdc99000 	C:\Windows\system32\USP10.dll
0x000007fefc040000 - 0x000007fefc234000 	C:\Windows\WinSxS\amd64_microsoft.windows.common-controls_6595b64144ccf1df_6.0.7601.17514_none_fa396087175ac9ac\COMCTL32.dll
0x000007feff2c0000 - 0x000007feff331000 	C:\Windows\system32\SHLWAPI.dll
0x000007fefdb80000 - 0x000007fefdbae000 	C:\Windows\system32\IMM32.DLL
0x000007fefdf00000 - 0x000007fefe009000 	C:\Windows\system32\MSCTF.dll
0x000000005b040000 - 0x000000005b112000 	C:\Program Files\Java\jre1.8.0_20\bin\msvcr100.dll
0x0000000050ab0000 - 0x0000000051308000 	C:\Program Files\Java\jre1.8.0_20\bin\server\jvm.dll
0x000007feef200000 - 0x000007feef209000 	C:\Windows\system32\WSOCK32.dll
0x000007feff020000 - 0x000007feff06d000 	C:\Windows\system32\WS2_32.dll
0x000007fefdca0000 - 0x000007fefdca8000 	C:\Windows\system32\NSI.dll
0x000007fefae90000 - 0x000007fefaecb000 	C:\Windows\system32\WINMM.dll
0x00000000779e0000 - 0x00000000779e7000 	C:\Windows\system32\PSAPI.DLL
0x000000005b1f0000 - 0x000000005b1ff000 	C:\Program Files\Java\jre1.8.0_20\bin\verify.dll
0x000000005b1c0000 - 0x000000005b1e8000 	C:\Program Files\Java\jre1.8.0_20\bin\java.dll
0x000000005b1a0000 - 0x000000005b1b6000 	C:\Program Files\Java\jre1.8.0_20\bin\zip.dll
0x000007feec1d0000 - 0x000007feec2f5000 	C:\Windows\system32\dbghelp.dll

VM Arguments:
jvm_args: -Djava.library.path=C:\Users\Equipo1\Desktop\AndroidProyect\AndroidProyect\GCM Server\GCM Server\src;C:\Users\Equipo1\Desktop\AndroidProyect\AndroidProyect\GCM Server\GCM Server -Dfile.encoding=Cp1252 -Xbootclasspath:C:\adt-bundle-windows-x86_64-20140702\sdk\platforms\android-19\android.jar 
java_command: gcmserver.SmackCcsClient
java_class_path (initial): C:\Users\Equipo1\Documents\AndroidProject\MoodleProject\libs\httpcore-4.3.2.jar;C:\Users\Equipo1\Documents\AndroidProject\MoodleProject\libs\android-support-v4.jar;C:\Users\Equipo1\Desktop\AndroidProyect\AndroidProyect\googlePlayServices\google-play-services_lib\libs\google-play-services.jar;C:\Users\Equipo1\Documents\AndroidProject\MoodleProject\libs\json-simple-1.1.1.jar;C:\Users\Equipo1\Documents\AndroidProject\MoodleProject\libs\smack-3.4.1-0cec571.jar;C:\Users\Equipo1\Documents\AndroidProject\MoodleProject\libs\smackx-3.2.2.jar;C:\Users\Equipo1\Desktop\AndroidProyect\AndroidProyect\googlePlayServices\google-play-services_lib\bin\google-play-services_lib.jar;C:\Users\Equipo1\Documents\AndroidProject\MoodleProject\bin\classes;C:\Users\Equipo1\Desktop\AndroidProyect\AndroidProyect\GCM Server\GCM Server\bin;C:\Users\Equipo1\Desktop\AndroidProyect\AndroidProyect\GCM Server\GCM Server\libs\httpcore-4.3.2.jar;C:\Users\Equipo1\Desktop\AndroidProyect\AndroidProyect\GCM Server\GCM Server\libs\json-simple-1.1.1.jar;C:\Users\Equipo1\Desktop\AndroidProyect\AndroidProyect\GCM Server\GCM Server\libs\smack-3.4.1-0cec571.jar
Launcher Type: SUN_STANDARD

Environment Variables:
PATH=C:\ProgramData\Oracle\Java\javapath;C:\Program Files (x86)\Intel\iCLS Client\;C:\Program Files\Intel\iCLS Client\;C:\Windows\system32;C:\Windows;C:\Windows\System32\Wbem;C:\Windows\System32\WindowsPowerShell\v1.0\;C:\Program Files\Intel\Intel(R) Management Engine Components\DAL;C:\Program Files\Intel\Intel(R) Management Engine Components\IPT;C:\Program Files (x86)\Intel\Intel(R) Management Engine Components\DAL;C:\Program Files (x86)\Intel\Intel(R) Management Engine Components\IPT;C:\Program Files\OpenVPN\bin
USERNAME=Equipo1
OS=Windows_NT
PROCESSOR_IDENTIFIER=Intel64 Family 6 Model 60 Stepping 3, GenuineIntel



---------------  S Y S T E M  ---------------

OS: Windows 7 , 64 bit Build 7601 Service Pack 1

CPU:total 4 (4 cores per cpu, 1 threads per core) family 6 model 60 stepping 3, cmov, cx8, fxsr, mmx, sse, sse2, sse3, ssse3, sse4.1, sse4.2, popcnt, avx, avx2, aes, clmul, erms, lzcnt, tsc, tscinvbit, bmi1, bmi2

Memory: 4k page, physical 8271392k(3157412k free), swap 16540924k(9468424k free)

vm_info: Java HotSpot(TM) 64-Bit Server VM (25.20-b23) for windows-amd64 JRE (1.8.0_20-b26), built on Jul 30 2014 13:51:23 by "java_re" with MS VC++ 10.0 (VS2010)

time: Wed Jan 28 09:50:07 2015
elapsed time: 0 seconds (0d 0h 0m 0s)

