#
# A fatal error has been detected by the Java Runtime Environment:
#
#  Internal Error (javaClasses.cpp:124), pid=4332, tid=5076
#  fatal error: Invalid layout of preloaded class
#
# JRE version:  (8.0_11-b12) (build )
# Java VM: Java HotSpot(TM) 64-Bit Server VM (25.11-b03 mixed mode windows-amd64 compressed oops)
# Failed to write core dump. Minidumps are not enabled by default on client versions of Windows
#
# If you would like to submit a bug report, please visit:
#   http://bugreport.sun.com/bugreport/crash.jsp
#

---------------  T H R E A D  ---------------

Current thread (0x000000000044e000):  JavaThread "Unknown thread" [_thread_in_vm, id=5076, stack(0x0000000002520000,0x0000000002620000)]

Stack: [0x0000000002520000,0x0000000002620000]
Native frames: (J=compiled Java code, j=interpreted, Vv=VM code, C=native code)
V  [jvm.dll+0x308eca]
V  [jvm.dll+0x25e121]
V  [jvm.dll+0x25ed33]
V  [jvm.dll+0x256686]
V  [jvm.dll+0x5d4cc]
V  [jvm.dll+0x5d5c3]
V  [jvm.dll+0x71efa]
V  [jvm.dll+0x72258]
V  [jvm.dll+0xe1927]
V  [jvm.dll+0xe1cb6]
V  [jvm.dll+0x1f1407]
V  [jvm.dll+0x2229b4]
V  [jvm.dll+0x14a151]
C  [javaw.exe+0x208a]
C  [javaw.exe+0xc9fb]
C  [javaw.exe+0xca8f]
C  [kernel32.dll+0x159ed]
C  [ntdll.dll+0x2c541]


---------------  P R O C E S S  ---------------

Java Threads: ( => current thread )

Other Threads:

=>0x000000000044e000 (exited) JavaThread "Unknown thread" [_thread_in_vm, id=5076, stack(0x0000000002520000,0x0000000002620000)]

VM state:not at safepoint (not fully initialized)

VM Mutex/Monitor currently owned by a thread: None

GC Heap History (0 events):
No events

Deoptimization events (0 events):
No events

Internal exceptions (0 events):
No events

Events (10 events):
Event: 0.019 loading class java/lang/CharSequence done
Event: 0.019 loading class java/lang/String done
Event: 0.019 loading class java/lang/Class
Event: 0.019 loading class java/lang/reflect/AnnotatedElement
Event: 0.019 loading class java/lang/reflect/AnnotatedElement done
Event: 0.019 loading class java/lang/reflect/GenericDeclaration
Event: 0.019 loading class java/lang/reflect/GenericDeclaration done
Event: 0.019 loading class java/lang/reflect/Type
Event: 0.019 loading class java/lang/reflect/Type done
Event: 0.019 loading class java/lang/Class done


Dynamic libraries:
0x000000013f3c0000 - 0x000000013f3f4000 	C:\Program Files\Java\jre8\bin\javaw.exe
0x0000000077c40000 - 0x0000000077de9000 	C:\Windows\SYSTEM32\ntdll.dll
0x0000000077a20000 - 0x0000000077b3f000 	C:\Windows\system32\kernel32.dll
0x000007fefdcd0000 - 0x000007fefdd3c000 	C:\Windows\system32\KERNELBASE.dll
0x000007fefe140000 - 0x000007fefe21b000 	C:\Windows\system32\ADVAPI32.dll
0x000007fefdf30000 - 0x000007fefdfcf000 	C:\Windows\system32\msvcrt.dll
0x000007feffbb0000 - 0x000007feffbcf000 	C:\Windows\SYSTEM32\sechost.dll
0x000007fefea40000 - 0x000007fefeb6d000 	C:\Windows\system32\RPCRT4.dll
0x0000000077b40000 - 0x0000000077c3a000 	C:\Windows\system32\USER32.dll
0x000007fefe900000 - 0x000007fefe967000 	C:\Windows\system32\GDI32.dll
0x000007fefe050000 - 0x000007fefe05e000 	C:\Windows\system32\LPK.dll
0x000007feffbd0000 - 0x000007feffc99000 	C:\Windows\system32\USP10.dll
0x000007fefc0c0000 - 0x000007fefc2b4000 	C:\Windows\WinSxS\amd64_microsoft.windows.common-controls_6595b64144ccf1df_6.0.7601.17514_none_fa396087175ac9ac\COMCTL32.dll
0x000007fefdfd0000 - 0x000007fefe041000 	C:\Windows\system32\SHLWAPI.dll
0x000007fefe8d0000 - 0x000007fefe8fe000 	C:\Windows\system32\IMM32.DLL
0x000007fefe650000 - 0x000007fefe759000 	C:\Windows\system32\MSCTF.dll
0x0000000057b40000 - 0x0000000057c12000 	C:\Program Files\Java\jre8\bin\msvcr100.dll
0x0000000057310000 - 0x0000000057b3a000 	C:\Program Files\Java\jre8\bin\server\jvm.dll
0x000007feed120000 - 0x000007feed129000 	C:\Windows\system32\WSOCK32.dll
0x000007fefe9f0000 - 0x000007fefea3d000 	C:\Windows\system32\WS2_32.dll
0x000007fefe220000 - 0x000007fefe228000 	C:\Windows\system32\NSI.dll
0x000007fefb310000 - 0x000007fefb34b000 	C:\Windows\system32\WINMM.dll
0x0000000077e00000 - 0x0000000077e07000 	C:\Windows\system32\PSAPI.DLL
0x0000000057cf0000 - 0x0000000057cff000 	C:\Program Files\Java\jre8\bin\verify.dll
0x0000000057cc0000 - 0x0000000057ce8000 	C:\Program Files\Java\jre8\bin\java.dll
0x0000000057ca0000 - 0x0000000057cb6000 	C:\Program Files\Java\jre8\bin\zip.dll
0x000007feeb7a0000 - 0x000007feeb8c5000 	C:\Windows\system32\dbghelp.dll

VM Arguments:
jvm_args: -Djava.library.path=C:\Users\Equipo1\Desktop\AndroidProyect\AndroidProyect\googlePlayServices\google-play-services_lib;C:\Users\Equipo1\Desktop\AndroidProyect\AndroidProyect\GCM Server\GCM Server\src;C:\Users\Equipo1\Desktop\AndroidProyect\AndroidProyect\GCM Server\GCM Server -Dfile.encoding=Cp1252 -Xbootclasspath:C:\adt-bundle-windows-x86_64-20140702\sdk\platforms\android-19\android.jar 
java_command: gcmserver.SmackCcsClient
java_class_path (initial): C:\Users\Equipo1\Desktop\AndroidProyect\AndroidProyect\GCM Client\DemoActivity\libs\httpcore-4.3.2.jar;C:\Users\Equipo1\Desktop\AndroidProyect\AndroidProyect\GCM Client\DemoActivity\libs\android-support-v4.jar;C:\Users\Equipo1\Desktop\AndroidProyect\AndroidProyect\GCM Client\DemoActivity\libs\json-simple-1.1.1.jar;C:\Users\Equipo1\Desktop\AndroidProyect\AndroidProyect\googlePlayServices\google-play-services_lib\libs\google-play-services.jar;C:\Users\Equipo1\Desktop\AndroidProyect\AndroidProyect\GCM Client\DemoActivity\libs\smack-3.4.1-0cec571.jar;C:\Users\Equipo1\Desktop\AndroidProyect\AndroidProyect\googlePlayServices\google-play-services_lib\bin\google-play-services_lib.jar;C:\Users\Equipo1\Desktop\AndroidProyect\AndroidProyect\googlePlayServices\google-play-services_lib\bin\classes;C:\Users\Equipo1\Desktop\AndroidProyect\AndroidProyect\GCM Client\DemoActivity\bin\classes;C:\Users\Equipo1\Desktop\AndroidProyect\AndroidProyect\GCM Server\GCM Server\bin;C:\Users\Equipo1\Desktop\AndroidProyect\AndroidProyect\GCM Server\GCM Server\libs\smack-3.4.1-0cec571.jar;C:\Users\Equipo1\Desktop\AndroidProyect\AndroidProyect\GCM Server\GCM Server\libs\httpcore-4.3.2.jar;C:\Users\Equipo1\Desktop\AndroidProyect\AndroidProyect\GCM Server\GCM Server\libs\json-simple-1.1.1.jar
Launcher Type: SUN_STANDARD

Environment Variables:
PATH=C:\Program Files (x86)\Intel\iCLS Client\;C:\Program Files\Intel\iCLS Client\;C:\Windows\system32;C:\Windows;C:\Windows\System32\Wbem;C:\Windows\System32\WindowsPowerShell\v1.0\;C:\Program Files\Intel\Intel(R) Management Engine Components\DAL;C:\Program Files\Intel\Intel(R) Management Engine Components\IPT;C:\Program Files (x86)\Intel\Intel(R) Management Engine Components\DAL;C:\Program Files (x86)\Intel\Intel(R) Management Engine Components\IPT;C:\Program Files\OpenVPN\bin
USERNAME=Equipo1
OS=Windows_NT
PROCESSOR_IDENTIFIER=Intel64 Family 6 Model 60 Stepping 3, GenuineIntel



---------------  S Y S T E M  ---------------

OS: Windows 7 , 64 bit Build 7601 Service Pack 1

CPU:total 4 (4 cores per cpu, 1 threads per core) family 6 model 60 stepping 3, cmov, cx8, fxsr, mmx, sse, sse2, sse3, ssse3, sse4.1, sse4.2, popcnt, avx, avx2, aes, clmul, erms, tsc, tscinvbit

Memory: 4k page, physical 8271392k(5046032k free), swap 16540920k(12376704k free)

vm_info: Java HotSpot(TM) 64-Bit Server VM (25.11-b03) for windows-amd64 JRE (1.8.0_11-b12), built on Jun 16 2014 20:57:32 by "java_re" with MS VC++ 10.0 (VS2010)

time: Tue Aug 26 10:37:52 2014
elapsed time: 0 seconds

