#
# A fatal error has been detected by the Java Runtime Environment:
#
#  Internal Error (javaClasses.cpp:124), pid=4728, tid=1148
#  fatal error: Invalid layout of preloaded class
#
# JRE version:  (8.0_11-b12) (build )
# Java VM: Java HotSpot(TM) 64-Bit Server VM (25.11-b03 mixed mode windows-amd64 compressed oops)
# Failed to write core dump. Minidumps are not enabled by default on client versions of Windows
#
# If you would like to submit a bug report, please visit:
#   http://bugreport.sun.com/bugreport/crash.jsp
#

---------------  T H R E A D  ---------------

Current thread (0x000000000221e000):  JavaThread "Unknown thread" [_thread_in_vm, id=1148, stack(0x00000000023a0000,0x00000000024a0000)]

Stack: [0x00000000023a0000,0x00000000024a0000]
Native frames: (J=compiled Java code, j=interpreted, Vv=VM code, C=native code)
V  [jvm.dll+0x308eca]
V  [jvm.dll+0x25e121]
V  [jvm.dll+0x25ed33]
V  [jvm.dll+0x256686]
V  [jvm.dll+0x5d4cc]
V  [jvm.dll+0x5d5c3]
V  [jvm.dll+0x71efa]
V  [jvm.dll+0x72258]
V  [jvm.dll+0xe1927]
V  [jvm.dll+0xe1cb6]
V  [jvm.dll+0x1f1407]
V  [jvm.dll+0x2229b4]
V  [jvm.dll+0x14a151]
C  [javaw.exe+0x208a]
C  [javaw.exe+0xc9fb]
C  [javaw.exe+0xca8f]
C  [kernel32.dll+0x159ed]
C  [ntdll.dll+0x2c541]


---------------  P R O C E S S  ---------------

Java Threads: ( => current thread )

Other Threads:

=>0x000000000221e000 (exited) JavaThread "Unknown thread" [_thread_in_vm, id=1148, stack(0x00000000023a0000,0x00000000024a0000)]

VM state:not at safepoint (not fully initialized)

VM Mutex/Monitor currently owned by a thread: None

GC Heap History (0 events):
No events

Deoptimization events (0 events):
No events

Internal exceptions (0 events):
No events

Events (10 events):
Event: 0.006 loading class java/lang/CharSequence done
Event: 0.006 loading class java/lang/String done
Event: 0.006 loading class java/lang/Class
Event: 0.006 loading class java/lang/reflect/AnnotatedElement
Event: 0.006 loading class java/lang/reflect/AnnotatedElement done
Event: 0.006 loading class java/lang/reflect/GenericDeclaration
Event: 0.006 loading class java/lang/reflect/GenericDeclaration done
Event: 0.006 loading class java/lang/reflect/Type
Event: 0.006 loading class java/lang/reflect/Type done
Event: 0.006 loading class java/lang/Class done


Dynamic libraries:
0x000000013f8f0000 - 0x000000013f924000 	C:\Program Files\Java\jre8\bin\javaw.exe
0x00000000770e0000 - 0x0000000077289000 	C:\Windows\SYSTEM32\ntdll.dll
0x0000000076fc0000 - 0x00000000770df000 	C:\Windows\system32\kernel32.dll
0x000007fefd1d0000 - 0x000007fefd23c000 	C:\Windows\system32\KERNELBASE.dll
0x000007fefd2b0000 - 0x000007fefd38b000 	C:\Windows\system32\ADVAPI32.dll
0x000007feff270000 - 0x000007feff30f000 	C:\Windows\system32\msvcrt.dll
0x000007fefec40000 - 0x000007fefec5f000 	C:\Windows\SYSTEM32\sechost.dll
0x000007fefec60000 - 0x000007fefed8d000 	C:\Windows\system32\RPCRT4.dll
0x0000000076ec0000 - 0x0000000076fba000 	C:\Windows\system32\USER32.dll
0x000007feff180000 - 0x000007feff1e7000 	C:\Windows\system32\GDI32.dll
0x000007fefdcb0000 - 0x000007fefdcbe000 	C:\Windows\system32\LPK.dll
0x000007feff320000 - 0x000007feff3e9000 	C:\Windows\system32\USP10.dll
0x000007fefb750000 - 0x000007fefb944000 	C:\Windows\WinSxS\amd64_microsoft.windows.common-controls_6595b64144ccf1df_6.0.7601.17514_none_fa396087175ac9ac\COMCTL32.dll
0x000007fefdcc0000 - 0x000007fefdd31000 	C:\Windows\system32\SHLWAPI.dll
0x000007fefd990000 - 0x000007fefd9be000 	C:\Windows\system32\IMM32.DLL
0x000007fefd390000 - 0x000007fefd499000 	C:\Windows\system32\MSCTF.dll
0x0000000054080000 - 0x0000000054152000 	C:\Program Files\Java\jre8\bin\msvcr100.dll
0x0000000053850000 - 0x000000005407a000 	C:\Program Files\Java\jre8\bin\server\jvm.dll
0x000007feed6a0000 - 0x000007feed6a9000 	C:\Windows\system32\WSOCK32.dll
0x000007fefdc60000 - 0x000007fefdcad000 	C:\Windows\system32\WS2_32.dll
0x000007feff310000 - 0x000007feff318000 	C:\Windows\system32\NSI.dll
0x000007fefb050000 - 0x000007fefb08b000 	C:\Windows\system32\WINMM.dll
0x00000000772b0000 - 0x00000000772b7000 	C:\Windows\system32\PSAPI.DLL
0x0000000074c60000 - 0x0000000074c6f000 	C:\Program Files\Java\jre8\bin\verify.dll
0x0000000074c30000 - 0x0000000074c58000 	C:\Program Files\Java\jre8\bin\java.dll
0x0000000074c10000 - 0x0000000074c26000 	C:\Program Files\Java\jre8\bin\zip.dll
0x000007feeb3e0000 - 0x000007feeb505000 	C:\Windows\system32\dbghelp.dll

VM Arguments:
jvm_args: -Djava.library.path=C:\Users\Equipo1\Desktop\AndroidProyect\AndroidProyect\googlePlayServices\google-play-services_lib;C:\Users\Equipo1\Desktop\AndroidProyect\AndroidProyect\GCM Server\GCM Server\src;C:\Users\Equipo1\Desktop\AndroidProyect\AndroidProyect\GCM Server\GCM Server -Dfile.encoding=Cp1252 -Xbootclasspath:C:\adt-bundle-windows-x86_64-20140702\sdk\platforms\android-19\android.jar 
java_command: gcmserver.SmackCcsClient
java_class_path (initial): C:\Users\Equipo1\Desktop\AndroidProyect\AndroidProyect\GCM Client\DemoActivity\libs\httpcore-4.3.2.jar;C:\Users\Equipo1\Desktop\AndroidProyect\AndroidProyect\GCM Client\DemoActivity\libs\android-support-v4.jar;C:\Users\Equipo1\Desktop\AndroidProyect\AndroidProyect\GCM Client\DemoActivity\libs\json-simple-1.1.1.jar;C:\Users\Equipo1\Desktop\AndroidProyect\AndroidProyect\googlePlayServices\google-play-services_lib\libs\google-play-services.jar;C:\Users\Equipo1\Desktop\AndroidProyect\AndroidProyect\GCM Client\DemoActivity\libs\smack-3.4.1-0cec571.jar;C:\Users\Equipo1\Desktop\AndroidProyect\AndroidProyect\googlePlayServices\google-play-services_lib\bin\google-play-services_lib.jar;C:\Users\Equipo1\Desktop\AndroidProyect\AndroidProyect\googlePlayServices\google-play-services_lib\bin\classes;C:\Users\Equipo1\Desktop\AndroidProyect\AndroidProyect\GCM Client\DemoActivity\bin\classes;C:\Users\Equipo1\Desktop\AndroidProyect\AndroidProyect\GCM Server\GCM Server\bin;C:\Users\Equipo1\Desktop\AndroidProyect\AndroidProyect\GCM Server\GCM Server\libs\smack-3.4.1-0cec571.jar;C:\Users\Equipo1\Desktop\AndroidProyect\AndroidProyect\GCM Server\GCM Server\libs\httpcore-4.3.2.jar;C:\Users\Equipo1\Desktop\AndroidProyect\AndroidProyect\GCM Server\GCM Server\libs\json-simple-1.1.1.jar
Launcher Type: SUN_STANDARD

Environment Variables:
PATH=C:\Program Files (x86)\Intel\iCLS Client\;C:\Program Files\Intel\iCLS Client\;C:\Windows\system32;C:\Windows;C:\Windows\System32\Wbem;C:\Windows\System32\WindowsPowerShell\v1.0\;C:\Program Files\Intel\Intel(R) Management Engine Components\DAL;C:\Program Files\Intel\Intel(R) Management Engine Components\IPT;C:\Program Files (x86)\Intel\Intel(R) Management Engine Components\DAL;C:\Program Files (x86)\Intel\Intel(R) Management Engine Components\IPT;C:\Program Files\OpenVPN\bin
USERNAME=Equipo1
OS=Windows_NT
PROCESSOR_IDENTIFIER=Intel64 Family 6 Model 60 Stepping 3, GenuineIntel



---------------  S Y S T E M  ---------------

OS: Windows 7 , 64 bit Build 7601 Service Pack 1

CPU:total 4 (4 cores per cpu, 1 threads per core) family 6 model 60 stepping 3, cmov, cx8, fxsr, mmx, sse, sse2, sse3, ssse3, sse4.1, sse4.2, popcnt, avx, avx2, aes, clmul, erms, tsc, tscinvbit

Memory: 4k page, physical 8271392k(5032580k free), swap 16540920k(12210020k free)

vm_info: Java HotSpot(TM) 64-Bit Server VM (25.11-b03) for windows-amd64 JRE (1.8.0_11-b12), built on Jun 16 2014 20:57:32 by "java_re" with MS VC++ 10.0 (VS2010)

time: Mon Aug 25 12:16:38 2014
elapsed time: 0 seconds

